Design Assistant report for Keyboard_velocity
Wed Oct 12 08:21:46 2011
Quartus II Version 11.0 Build 157 04/27/2011 SJ Web Edition


---------------------
; Table of Contents ;
---------------------
  1. Legal Notice
  2. Design Assistant Summary
  3. Design Assistant Settings
  4. Information only Violations
  5. Design Assistant Messages



----------------
; Legal Notice ;
----------------
Copyright (C) 1991-2011 Altera Corporation
Your use of Altera Corporation's design tools, logic functions 
and other software and tools, and its AMPP partner logic 
functions, and any output files from any of the foregoing 
(including device programming or simulation files), and any 
associated documentation or information are expressly subject 
to the terms and conditions of the Altera Program License 
Subscription Agreement, Altera MegaCore Function License 
Agreement, or other applicable license agreement, including, 
without limitation, that your use is for the sole purpose of 
programming logic devices manufactured by Altera and sold by 
Altera or its authorized distributors.  Please refer to the 
applicable agreement for further details.



+-------------------------------------------------------------------------+
; Design Assistant Summary                                                ;
+-----------------------------------+-------------------------------------+
; Design Assistant Status           ; Analyzed - Wed Oct 12 08:21:46 2011 ;
; Revision Name                     ; Keyboard_velocity                   ;
; Top-level Entity Name             ; Main                                ;
; Family                            ; MAX II                              ;
; Total Critical Violations         ; 0                                   ;
; Total High Violations             ; 0                                   ;
; Total Medium Violations           ; 0                                   ;
; Total Information only Violations ; 56                                  ;
; - Rule T101                       ; 6                                   ;
; - Rule T102                       ; 50                                  ;
+-----------------------------------+-------------------------------------+


+----------------------------------------------------------------------------------------------------------------------------------------------------------------------------------------------------------------------------------------------------------------------------------------------------------+
; Design Assistant Settings                                                                                                                                                                                                                                                                                ;
+--------------------------------------------------------------------------------------------------------------------------------------------------------------------------------------------------------------------------------------------------------------------------------------+--------------+----+
; Option                                                                                                                                                                                                                                                                               ; Setting      ; To ;
+--------------------------------------------------------------------------------------------------------------------------------------------------------------------------------------------------------------------------------------------------------------------------------------+--------------+----+
; Design Assistant mode                                                                                                                                                                                                                                                                ; Post-Fitting ;    ;
; Threshold value for clock net not mapped to clock spines rule                                                                                                                                                                                                                        ; 25           ;    ;
; Minimum number of clock port feed by gated clocks                                                                                                                                                                                                                                    ; 30           ;    ;
; Minimum number of node fan-out                                                                                                                                                                                                                                                       ; 30           ;    ;
; Maximum number of nodes to report                                                                                                                                                                                                                                                    ; 50           ;    ;
; Rule C101: Gated clock should be implemented according to the Altera standard scheme                                                                                                                                                                                                 ; On           ;    ;
; Rule C102: Logic cell should not be used to generate an inverted clock signal                                                                                                                                                                                                        ; On           ;    ;
; Rule C103: Gated clock does not feed at least a pre-defined number of clock ports to effectively save power                                                                                                                                                                          ; On           ;    ;
; Rule C104: Clock signal source should drive only clock input ports                                                                                                                                                                                                                   ; On           ;    ;
; Rule C105: Clock signal should be a global signal (Rule applies during post-fitting analysis. This rule applies during both post-fitting analysis and post-synthesis analysis if the design targets a MAX 3000 or MAX 7000 device. For more information, see the Help for the rule.) ; On           ;    ;
; Rule C106: Clock signal source should not drive registers triggered by different clock edges                                                                                                                                                                                         ; On           ;    ;
; Rule R101: Combinational logic used as a reset signal should be synchronized                                                                                                                                                                                                         ; On           ;    ;
; Rule R102: External reset signals should be synchronized using two cascaded registers                                                                                                                                                                                                ; On           ;    ;
; Rule R103: External reset signal should be correctly synchronized                                                                                                                                                                                                                    ; On           ;    ;
; Rule R104: The reset signal that is generated in one clock domain and used in another clock domain should be correctly synchronized                                                                                                                                                  ; On           ;    ;
; Rule R105: The reset signal that is generated in one clock domain and used in another clock domain should be synchronized                                                                                                                                                            ; On           ;    ;
; Rule T101: Nodes with more than the specified number of fan-outs                                                                                                                                                                                                                     ; On           ;    ;
; Rule T102: Top nodes with the highest number of fan-outs                                                                                                                                                                                                                             ; On           ;    ;
; Rule A101: Design should not contain combinational loops                                                                                                                                                                                                                             ; On           ;    ;
; Rule A102: Register output should not drive its own control signal directly or through combinational logic                                                                                                                                                                           ; On           ;    ;
; Rule A103: Design should not contain delay chains                                                                                                                                                                                                                                    ; On           ;    ;
; Rule A104: Design should not contain ripple clock structures                                                                                                                                                                                                                         ; On           ;    ;
; Rule A105: Pulses should not be implemented asynchronously                                                                                                                                                                                                                           ; On           ;    ;
; Rule A106: Multiple pulses should not be generated in design                                                                                                                                                                                                                         ; On           ;    ;
; Rule A107: Design should not contain SR latches                                                                                                                                                                                                                                      ; On           ;    ;
; Rule A108: Design should not contain latches                                                                                                                                                                                                                                         ; On           ;    ;
; Rule S101: Output enable and input of the same tri-state node should not be driven by same signal source                                                                                                                                                                             ; On           ;    ;
; Rule S102: Synchronous port and asynchronous port of the same register should not be driven by the same signal source                                                                                                                                                                ; On           ;    ;
; Rule S103: More than one asynchronous port of a register should not be driven by the same signal source                                                                                                                                                                              ; On           ;    ;
; Rule S104: Clock port and any other port of a register should not be driven by the same signal source                                                                                                                                                                                ; On           ;    ;
; Rule D101: Data bits are not synchronized when transferred between asynchronous clock domains                                                                                                                                                                                        ; On           ;    ;
; Rule D102: Multiple data bits that are transferred across asynchronous clock domains are synchronized, but not all bits may be aligned in the receiving clock domain                                                                                                                 ; On           ;    ;
; Rule D103: Data bits are not correctly synchronized when transferred between asynchronous clock domains                                                                                                                                                                              ; On           ;    ;
; Rule M101: Data bits are not synchronized when transferred to the state machine of asynchronous clock domains                                                                                                                                                                        ; Off          ;    ;
; Rule M102: No reset signal defined to initialize the state machine                                                                                                                                                                                                                   ; Off          ;    ;
; Rule M103: State machine should not contain an unreachable state                                                                                                                                                                                                                     ; Off          ;    ;
; Rule M104: State machine should not contain a deadlock state                                                                                                                                                                                                                         ; Off          ;    ;
; Rule M105: State machine should not contain a dead transition                                                                                                                                                                                                                        ; Off          ;    ;
+--------------------------------------------------------------------------------------------------------------------------------------------------------------------------------------------------------------------------------------------------------------------------------------+--------------+----+


+--------------------------------------------------------------------------------------------------------------------+
; Information only Violations                                                                                        ;
+------------------------------------------------------------------+---------------------------------------+---------+
; Rule name                                                        ; Name                                  ; Fan-Out ;
+------------------------------------------------------------------+---------------------------------------+---------+
; Rule T101: Nodes with more than the specified number of fan-outs ; pin_name18                            ; 616     ;
; Rule T101: Nodes with more than the specified number of fan-outs ; pin_name17                            ; 529     ;
; Rule T101: Nodes with more than the specified number of fan-outs ; pin_name15                            ; 625     ;
; Rule T101: Nodes with more than the specified number of fan-outs ; keyBuffers:inst6|timerEnableReg[88]~0 ; 97      ;
; Rule T101: Nodes with more than the specified number of fan-outs ; pin_name14                            ; 89      ;
; Rule T101: Nodes with more than the specified number of fan-outs ; keyBuffers:inst6|timerValue[88][0]~0  ; 88      ;
; Rule T102: Top nodes with the highest number of fan-outs         ; pin_name15                            ; 625     ;
; Rule T102: Top nodes with the highest number of fan-outs         ; pin_name18                            ; 616     ;
; Rule T102: Top nodes with the highest number of fan-outs         ; pin_name17                            ; 529     ;
; Rule T102: Top nodes with the highest number of fan-outs         ; keyBuffers:inst6|timerEnableReg[88]~0 ; 97      ;
; Rule T102: Top nodes with the highest number of fan-outs         ; pin_name14                            ; 89      ;
; Rule T102: Top nodes with the highest number of fan-outs         ; keyBuffers:inst6|timerValue[88][0]~0  ; 88      ;
; Rule T102: Top nodes with the highest number of fan-outs         ; keyBuffers:inst6|timerEnableReg[60]   ; 7       ;
; Rule T102: Top nodes with the highest number of fan-outs         ; keyBuffers:inst6|timerEnableReg[63]   ; 7       ;
; Rule T102: Top nodes with the highest number of fan-outs         ; keyBuffers:inst6|timerEnableReg[43]   ; 7       ;
; Rule T102: Top nodes with the highest number of fan-outs         ; keyBuffers:inst6|timerEnableReg[50]   ; 7       ;
; Rule T102: Top nodes with the highest number of fan-outs         ; keyBuffers:inst6|timerEnableReg[55]   ; 7       ;
; Rule T102: Top nodes with the highest number of fan-outs         ; keyBuffers:inst6|timerEnableReg[88]   ; 7       ;
; Rule T102: Top nodes with the highest number of fan-outs         ; keyBuffers:inst6|timerEnableReg[53]   ; 7       ;
; Rule T102: Top nodes with the highest number of fan-outs         ; keyBuffers:inst6|timerEnableReg[62]   ; 7       ;
; Rule T102: Top nodes with the highest number of fan-outs         ; keyBuffers:inst6|timerEnableReg[56]   ; 7       ;
; Rule T102: Top nodes with the highest number of fan-outs         ; keyBuffers:inst6|timerEnableReg[65]   ; 7       ;
; Rule T102: Top nodes with the highest number of fan-outs         ; keyBuffers:inst6|timerEnableReg[74]   ; 7       ;
; Rule T102: Top nodes with the highest number of fan-outs         ; keyBuffers:inst6|timerEnableReg[59]   ; 7       ;
; Rule T102: Top nodes with the highest number of fan-outs         ; keyBuffers:inst6|timerEnableReg[45]   ; 7       ;
; Rule T102: Top nodes with the highest number of fan-outs         ; keyBuffers:inst6|timerEnableReg[66]   ; 7       ;
; Rule T102: Top nodes with the highest number of fan-outs         ; keyBuffers:inst6|timerEnableReg[76]   ; 7       ;
; Rule T102: Top nodes with the highest number of fan-outs         ; keyBuffers:inst6|timerEnableReg[37]   ; 7       ;
; Rule T102: Top nodes with the highest number of fan-outs         ; keyBuffers:inst6|timerEnableReg[79]   ; 7       ;
; Rule T102: Top nodes with the highest number of fan-outs         ; keyBuffers:inst6|timerEnableReg[80]   ; 7       ;
; Rule T102: Top nodes with the highest number of fan-outs         ; keyBuffers:inst6|timerEnableReg[70]   ; 7       ;
; Rule T102: Top nodes with the highest number of fan-outs         ; keyBuffers:inst6|timerEnableReg[87]   ; 7       ;
; Rule T102: Top nodes with the highest number of fan-outs         ; keyBuffers:inst6|timerEnableReg[52]   ; 7       ;
; Rule T102: Top nodes with the highest number of fan-outs         ; keyBuffers:inst6|timerEnableReg[67]   ; 7       ;
; Rule T102: Top nodes with the highest number of fan-outs         ; keyBuffers:inst6|timerEnableReg[51]   ; 7       ;
; Rule T102: Top nodes with the highest number of fan-outs         ; keyBuffers:inst6|timerEnableReg[47]   ; 7       ;
; Rule T102: Top nodes with the highest number of fan-outs         ; keyBuffers:inst6|timerEnableReg[68]   ; 7       ;
; Rule T102: Top nodes with the highest number of fan-outs         ; keyBuffers:inst6|timerEnableReg[44]   ; 7       ;
; Rule T102: Top nodes with the highest number of fan-outs         ; keyBuffers:inst6|timerEnableReg[81]   ; 7       ;
; Rule T102: Top nodes with the highest number of fan-outs         ; keyBuffers:inst6|timerEnableReg[83]   ; 7       ;
; Rule T102: Top nodes with the highest number of fan-outs         ; keyBuffers:inst6|timerEnableReg[71]   ; 7       ;
; Rule T102: Top nodes with the highest number of fan-outs         ; keyBuffers:inst6|timerEnableReg[86]   ; 7       ;
; Rule T102: Top nodes with the highest number of fan-outs         ; keyBuffers:inst6|timerEnableReg[42]   ; 7       ;
; Rule T102: Top nodes with the highest number of fan-outs         ; keyBuffers:inst6|timerEnableReg[41]   ; 7       ;
; Rule T102: Top nodes with the highest number of fan-outs         ; keyBuffers:inst6|timerEnableReg[38]   ; 7       ;
; Rule T102: Top nodes with the highest number of fan-outs         ; keyBuffers:inst6|timerEnableReg[69]   ; 7       ;
; Rule T102: Top nodes with the highest number of fan-outs         ; keyBuffers:inst6|timerEnableReg[72]   ; 7       ;
; Rule T102: Top nodes with the highest number of fan-outs         ; keyBuffers:inst6|timerEnableReg[49]   ; 7       ;
; Rule T102: Top nodes with the highest number of fan-outs         ; keyBuffers:inst6|timerEnableReg[77]   ; 7       ;
; Rule T102: Top nodes with the highest number of fan-outs         ; keyBuffers:inst6|timerEnableReg[54]   ; 7       ;
; Rule T102: Top nodes with the highest number of fan-outs         ; keyBuffers:inst6|timerEnableReg[57]   ; 7       ;
; Rule T102: Top nodes with the highest number of fan-outs         ; keyBuffers:inst6|timerEnableReg[82]   ; 7       ;
; Rule T102: Top nodes with the highest number of fan-outs         ; keyBuffers:inst6|timerEnableReg[39]   ; 7       ;
; Rule T102: Top nodes with the highest number of fan-outs         ; keyBuffers:inst6|timerEnableReg[78]   ; 7       ;
; Rule T102: Top nodes with the highest number of fan-outs         ; keyBuffers:inst6|timerEnableReg[75]   ; 7       ;
; Rule T102: Top nodes with the highest number of fan-outs         ; keyBuffers:inst6|timerEnableReg[58]   ; 7       ;
+------------------------------------------------------------------+---------------------------------------+---------+


+---------------------------+
; Design Assistant Messages ;
+---------------------------+
Info: *******************************************************************
Info: Running Quartus II Design Assistant
    Info: Version 11.0 Build 157 04/27/2011 SJ Web Edition
    Info: Processing started: Wed Oct 12 08:21:45 2011
Info: Command: quartus_drc --read_settings_files=on --write_settings_files=off Keyboard_velocity -c Keyboard_velocity
Warning: Ignored assignments for entity "InputStage.bdf" -- entity does not exist in design
    Warning: Assignment for entity set_global_assignment -name EDA_DESIGN_ENTRY_SYNTHESIS_TOOL ViewDraw -entity InputStage.bdf was ignored
    Warning: Assignment for entity set_global_assignment -name EDA_INPUT_GND_NAME GND -entity InputStage.bdf -section_id eda_design_synthesis was ignored
    Warning: Assignment for entity set_global_assignment -name EDA_INPUT_VCC_NAME VDD -entity InputStage.bdf -section_id eda_design_synthesis was ignored
    Warning: Assignment for entity set_global_assignment -name EDA_INPUT_DATA_FORMAT EDIF -entity InputStage.bdf -section_id eda_design_synthesis was ignored
    Warning: Assignment for entity set_global_assignment -name EDA_LMF_FILE vwl_bas.lmf -entity InputStage.bdf -section_id eda_design_synthesis was ignored
    Warning: Assignment for entity set_global_assignment -name EDA_SHOW_LMF_MAPPING_MESSAGES OFF -entity InputStage.bdf -section_id eda_design_synthesis was ignored
    Warning: Assignment for entity set_global_assignment -name EDA_RUN_TOOL_AUTOMATICALLY OFF -entity InputStage.bdf -section_id eda_design_synthesis was ignored
Critical Warning: Synopsys Design Constraints File file not found: 'Keyboard_velocity.sdc'. A Synopsys Design Constraints File is required by the TimeQuest Timing Analyzer to get proper timing constraints. Without it, the Compiler will not properly optimize the design.
Info: No user constrained base clocks found in the design
Info: (Information) Rule T101: Nodes with more than the specified number of fan-outs. (Value defined:30). Found 6 node(s) with highest fan-out.
    Info: Node  "pin_name18"
    Info: Node  "pin_name17"
    Info: Node  "pin_name15"
    Info: Node  "keyBuffers:inst6|timerEnableReg[88]~0"
    Info: Node  "pin_name14"
    Info: Node  "keyBuffers:inst6|timerValue[88][0]~0"
Info: (Information) Rule T102: Top nodes with the highest number of fan-outs. (Value defined:50). Found 50 node(s) with highest fan-out.
    Info: Node  "pin_name15"
    Info: Node  "pin_name18"
    Info: Node  "pin_name17"
    Info: Node  "keyBuffers:inst6|timerEnableReg[88]~0"
    Info: Node  "pin_name14"
    Info: Node  "keyBuffers:inst6|timerValue[88][0]~0"
    Info: Node  "keyBuffers:inst6|timerEnableReg[60]"
    Info: Node  "keyBuffers:inst6|timerEnableReg[63]"
    Info: Node  "keyBuffers:inst6|timerEnableReg[43]"
    Info: Node  "keyBuffers:inst6|timerEnableReg[50]"
    Info: Node  "keyBuffers:inst6|timerEnableReg[55]"
    Info: Node  "keyBuffers:inst6|timerEnableReg[88]"
    Info: Node  "keyBuffers:inst6|timerEnableReg[53]"
    Info: Node  "keyBuffers:inst6|timerEnableReg[62]"
    Info: Node  "keyBuffers:inst6|timerEnableReg[56]"
    Info: Node  "keyBuffers:inst6|timerEnableReg[65]"
    Info: Node  "keyBuffers:inst6|timerEnableReg[74]"
    Info: Node  "keyBuffers:inst6|timerEnableReg[59]"
    Info: Node  "keyBuffers:inst6|timerEnableReg[45]"
    Info: Node  "keyBuffers:inst6|timerEnableReg[66]"
    Info: Node  "keyBuffers:inst6|timerEnableReg[76]"
    Info: Node  "keyBuffers:inst6|timerEnableReg[37]"
    Info: Node  "keyBuffers:inst6|timerEnableReg[79]"
    Info: Node  "keyBuffers:inst6|timerEnableReg[80]"
    Info: Node  "keyBuffers:inst6|timerEnableReg[70]"
    Info: Node  "keyBuffers:inst6|timerEnableReg[87]"
    Info: Node  "keyBuffers:inst6|timerEnableReg[52]"
    Info: Node  "keyBuffers:inst6|timerEnableReg[67]"
    Info: Node  "keyBuffers:inst6|timerEnableReg[51]"
    Info: Node  "keyBuffers:inst6|timerEnableReg[47]"
    Info: Truncated list of Design Assistant messages to 30 messages. Go to sections under Design Assistant section of Compilation Report for complete lists of Design Assistant messages generated.
Info: Design Assistant information: finished post-fitting analysis of current design -- generated 56 information messages and 0 warning messages
Info: Quartus II Design Assistant was successful. 0 errors, 9 warnings
    Info: Peak virtual memory: 190 megabytes
    Info: Processing ended: Wed Oct 12 08:21:46 2011
    Info: Elapsed time: 00:00:01
    Info: Total CPU time (on all processors): 00:00:01


