MIF/HEX Update report for Keyboard_velocity
Tue Oct 11 20:48:09 2011
Quartus II Version 11.0 Build 157 04/27/2011 SJ Web Edition


---------------------
; Table of Contents ;
---------------------
  1. Legal Notice
  2. MIF/HEX Update Summary
  3. MIF/HEX Update Processed Files
  4. MIF/HEX Update Messages



----------------
; Legal Notice ;
----------------
Copyright (C) 1991-2011 Altera Corporation
Your use of Altera Corporation's design tools, logic functions 
and other software and tools, and its AMPP partner logic 
functions, and any output files from any of the foregoing 
(including device programming or simulation files), and any 
associated documentation or information are expressly subject 
to the terms and conditions of the Altera Program License 
Subscription Agreement, Altera MegaCore Function License 
Agreement, or other applicable license agreement, including, 
without limitation, that your use is for the sole purpose of 
programming logic devices manufactured by Altera and sold by 
Altera or its authorized distributors.  Please refer to the 
applicable agreement for further details.



+-----------------------------------------------------------+
; MIF/HEX Update Summary                                    ;
+-----------------------+-----------------------------------+
; MIF/HEX Update Status ; Failed - Tue Oct 11 20:48:09 2011 ;
; Revision Name         ; Keyboard_velocity                 ;
; Top-level Entity Name ; Main                              ;
; Family                ; MAX II                            ;
; Device                ; EPM1270T144C5                     ;
+-----------------------+-----------------------------------+


+--------------------------------+
; MIF/HEX Update Processed Files ;
+--------------------------------+
; File Name                      ;
+--------------------------------+


+-------------------------+
; MIF/HEX Update Messages ;
+-------------------------+
Info: *******************************************************************
Info: Running Quartus II MIF/HEX Update
    Info: Version 11.0 Build 157 04/27/2011 SJ Web Edition
    Info: Processing started: Tue Oct 11 20:48:08 2011
Info: Command: quartus_cdb Keyboard_velocity -c Keyboard_velocity --update_mif
Error: Found no Memory Initialization Files to process
Error: Quartus II MIF/HEX Update was unsuccessful. 1 error, 0 warnings
    Error: Peak virtual memory: 205 megabytes
    Error: Processing ended: Tue Oct 11 20:48:09 2011
    Error: Elapsed time: 00:00:01
    Error: Total CPU time (on all processors): 00:00:00


